<?xml version="1.0" encoding="UTF-8"?>
<!-- Generated by org.testng.reporters.JUnitReportReporter -->
<testsuite hostname="K510LTRV" failures="0" tests="2" name="com.ust.orangehrm.CucumberRunner" time="22.551" errors="0" timestamp="2024-05-23T10:28:47 IST" skipped="0">
  <testcase classname="com.ust.orangehrm.CucumberRunner" name="runScenario" time="13.429"/>
  <system-out/>
  <testcase classname="com.ust.orangehrm.CucumberRunner" name="runScenario" time="9.122"/>
  <system-out/>
</testsuite> <!-- com.ust.orangehrm.CucumberRunner -->
